C:\USERS\MAKSI\ONEDRIVE\Документы\VISUAL STUDIO 2012\PROJECTS\Шишкин\Проект8\Проект8\DEBUG\MY_LEXEMS1.OBJ
C:\USERS\MAKSI\ONEDRIVE\Документы\VISUAL STUDIO 2012\PROJECTS\Шишкин\Проект8\Проект8\DEBUG\MY_QUEUE1.OBJ
C:\USERS\MAKSI\ONEDRIVE\Документы\VISUAL STUDIO 2012\PROJECTS\Шишкин\Проект8\Проект8\DEBUG\MYFORM1.OBJ
C:\USERS\MAKSI\ONEDRIVE\ДОКУМЕНТЫ\VISUAL STUDIO 2012\PROJECTS\ШИШКИН\ПРОЕКТ8\ПРОЕКТ8\DEBUG\VC110.PDB
C:\USERS\MAKSI\ONEDRIVE\Документы\VISUAL STUDIO 2012\PROJECTS\Шишкин\Проект8\Проект8\DEBUG\.NETFRAMEWORK,VERSION=V4.5.ASSEMBLYATTRIBUTES.OBJ
C:\USERS\MAKSI\ONEDRIVE\Документы\VISUAL STUDIO 2012\PROJECTS\Шишкин\Проект8\DEBUG\Проект8.ILK
C:\USERS\MAKSI\ONEDRIVE\Документы\VISUAL STUDIO 2012\PROJECTS\Шишкин\Проект8\DEBUG\Проект8.EXE
C:\USERS\MAKSI\ONEDRIVE\ДОКУМЕНТЫ\VISUAL STUDIO 2012\PROJECTS\ШИШКИН\ПРОЕКТ8\DEBUG\ПРОЕКТ8.PDB
C:\Users\maksi\OneDrive\Документы\Visual Studio 2012\Projects\Шишкин\Проект8\Проект8\Debug\Проект8.MyForm1.resources
C:\Users\maksi\OneDrive\Документы\Visual Studio 2012\Projects\Шишкин\Проект8\Проект8\Debug\Проект8.vcxproj.GenerateResource.Cache
C:\Users\maksi\OneDrive\Документы\Visual Studio 2012\Projects\Шишкин\Проект8\Проект8\Debug\Проект8.vcxprojResolveAssemblyReference.cache
C:\Users\maksi\OneDrive\Документы\Visual Studio 2012\Projects\Шишкин\Проект8\Проект8\Debug\.NETFramework,Version=v4.5.AssemblyAttributes.obj
C:\Users\maksi\OneDrive\Документы\Visual Studio 2012\Projects\Шишкин\Проект8\Проект8\Debug\MyForm1.obj
C:\Users\maksi\OneDrive\Документы\Visual Studio 2012\Projects\Шишкин\Проект8\Проект8\Debug\my_lexems1.obj
C:\Users\maksi\OneDrive\Документы\Visual Studio 2012\Projects\Шишкин\Проект8\Проект8\Debug\my_queue1.obj
C:\Users\maksi\OneDrive\Документы\Visual Studio 2012\Projects\Шишкин\Проект8\Проект8\Debug\cl.command.1.tlog
C:\Users\maksi\OneDrive\Документы\Visual Studio 2012\Projects\Шишкин\Проект8\Проект8\Debug\CL.read.1.tlog
C:\Users\maksi\OneDrive\Документы\Visual Studio 2012\Projects\Шишкин\Проект8\Проект8\Debug\CL.write.1.tlog
C:\Users\maksi\OneDrive\Документы\Visual Studio 2012\Projects\Шишкин\Проект8\Проект8\Debug\link.10432-cvtres.read.1.tlog
C:\Users\maksi\OneDrive\Документы\Visual Studio 2012\Projects\Шишкин\Проект8\Проект8\Debug\link.10432-cvtres.write.1.tlog
C:\Users\maksi\OneDrive\Документы\Visual Studio 2012\Projects\Шишкин\Проект8\Проект8\Debug\link.10432-rc.read.1.tlog
C:\Users\maksi\OneDrive\Документы\Visual Studio 2012\Projects\Шишкин\Проект8\Проект8\Debug\link.10432-rc.write.1.tlog
C:\Users\maksi\OneDrive\Документы\Visual Studio 2012\Projects\Шишкин\Проект8\Проект8\Debug\link.10432.read.1.tlog
C:\Users\maksi\OneDrive\Документы\Visual Studio 2012\Projects\Шишкин\Проект8\Проект8\Debug\link.10432.write.1.tlog
C:\Users\maksi\OneDrive\Документы\Visual Studio 2012\Projects\Шишкин\Проект8\Проект8\Debug\link.10444-cvtres.read.1.tlog
C:\Users\maksi\OneDrive\Документы\Visual Studio 2012\Projects\Шишкин\Проект8\Проект8\Debug\link.10444-cvtres.write.1.tlog
C:\Users\maksi\OneDrive\Документы\Visual Studio 2012\Projects\Шишкин\Проект8\Проект8\Debug\link.10444-rc.read.1.tlog
C:\Users\maksi\OneDrive\Документы\Visual Studio 2012\Projects\Шишкин\Проект8\Проект8\Debug\link.10444-rc.write.1.tlog
C:\Users\maksi\OneDrive\Документы\Visual Studio 2012\Projects\Шишкин\Проект8\Проект8\Debug\link.10444.read.1.tlog
C:\Users\maksi\OneDrive\Документы\Visual Studio 2012\Projects\Шишкин\Проект8\Проект8\Debug\link.10444.write.1.tlog
C:\Users\maksi\OneDrive\Документы\Visual Studio 2012\Projects\Шишкин\Проект8\Проект8\Debug\link.10464-cvtres.read.1.tlog
C:\Users\maksi\OneDrive\Документы\Visual Studio 2012\Projects\Шишкин\Проект8\Проект8\Debug\link.10464-cvtres.write.1.tlog
C:\Users\maksi\OneDrive\Документы\Visual Studio 2012\Projects\Шишкин\Проект8\Проект8\Debug\link.10464-rc.read.1.tlog
C:\Users\maksi\OneDrive\Документы\Visual Studio 2012\Projects\Шишкин\Проект8\Проект8\Debug\link.10464-rc.write.1.tlog
C:\Users\maksi\OneDrive\Документы\Visual Studio 2012\Projects\Шишкин\Проект8\Проект8\Debug\link.10464.read.1.tlog
C:\Users\maksi\OneDrive\Документы\Visual Studio 2012\Projects\Шишкин\Проект8\Проект8\Debug\link.10464.write.1.tlog
C:\Users\maksi\OneDrive\Документы\Visual Studio 2012\Projects\Шишкин\Проект8\Проект8\Debug\link.10832-cvtres.read.1.tlog
C:\Users\maksi\OneDrive\Документы\Visual Studio 2012\Projects\Шишкин\Проект8\Проект8\Debug\link.10832-cvtres.write.1.tlog
C:\Users\maksi\OneDrive\Документы\Visual Studio 2012\Projects\Шишкин\Проект8\Проект8\Debug\link.10832-rc.read.1.tlog
C:\Users\maksi\OneDrive\Документы\Visual Studio 2012\Projects\Шишкин\Проект8\Проект8\Debug\link.10832-rc.write.1.tlog
C:\Users\maksi\OneDrive\Документы\Visual Studio 2012\Projects\Шишкин\Проект8\Проект8\Debug\link.10832.read.1.tlog
C:\Users\maksi\OneDrive\Документы\Visual Studio 2012\Projects\Шишкин\Проект8\Проект8\Debug\link.10832.write.1.tlog
C:\Users\maksi\OneDrive\Документы\Visual Studio 2012\Projects\Шишкин\Проект8\Проект8\Debug\link.11204-cvtres.read.1.tlog
C:\Users\maksi\OneDrive\Документы\Visual Studio 2012\Projects\Шишкин\Проект8\Проект8\Debug\link.11204-cvtres.write.1.tlog
C:\Users\maksi\OneDrive\Документы\Visual Studio 2012\Projects\Шишкин\Проект8\Проект8\Debug\link.11204-rc.read.1.tlog
C:\Users\maksi\OneDrive\Документы\Visual Studio 2012\Projects\Шишкин\Проект8\Проект8\Debug\link.11204-rc.write.1.tlog
C:\Users\maksi\OneDrive\Документы\Visual Studio 2012\Projects\Шишкин\Проект8\Проект8\Debug\link.11204.read.1.tlog
C:\Users\maksi\OneDrive\Документы\Visual Studio 2012\Projects\Шишкин\Проект8\Проект8\Debug\link.11204.write.1.tlog
C:\Users\maksi\OneDrive\Документы\Visual Studio 2012\Projects\Шишкин\Проект8\Проект8\Debug\link.11464-cvtres.read.1.tlog
C:\Users\maksi\OneDrive\Документы\Visual Studio 2012\Projects\Шишкин\Проект8\Проект8\Debug\link.11464-cvtres.write.1.tlog
C:\Users\maksi\OneDrive\Документы\Visual Studio 2012\Projects\Шишкин\Проект8\Проект8\Debug\link.11464-rc.read.1.tlog
C:\Users\maksi\OneDrive\Документы\Visual Studio 2012\Projects\Шишкин\Проект8\Проект8\Debug\link.11464-rc.write.1.tlog
C:\Users\maksi\OneDrive\Документы\Visual Studio 2012\Projects\Шишкин\Проект8\Проект8\Debug\link.11464.read.1.tlog
C:\Users\maksi\OneDrive\Документы\Visual Studio 2012\Projects\Шишкин\Проект8\Проект8\Debug\link.11464.write.1.tlog
C:\Users\maksi\OneDrive\Документы\Visual Studio 2012\Projects\Шишкин\Проект8\Проект8\Debug\link.12128-cvtres.read.1.tlog
C:\Users\maksi\OneDrive\Документы\Visual Studio 2012\Projects\Шишкин\Проект8\Проект8\Debug\link.12128-cvtres.write.1.tlog
C:\Users\maksi\OneDrive\Документы\Visual Studio 2012\Projects\Шишкин\Проект8\Проект8\Debug\link.12128-rc.read.1.tlog
C:\Users\maksi\OneDrive\Документы\Visual Studio 2012\Projects\Шишкин\Проект8\Проект8\Debug\link.12128-rc.write.1.tlog
C:\Users\maksi\OneDrive\Документы\Visual Studio 2012\Projects\Шишкин\Проект8\Проект8\Debug\link.12128.read.1.tlog
C:\Users\maksi\OneDrive\Документы\Visual Studio 2012\Projects\Шишкин\Проект8\Проект8\Debug\link.12128.write.1.tlog
C:\Users\maksi\OneDrive\Документы\Visual Studio 2012\Projects\Шишкин\Проект8\Проект8\Debug\link.12636-cvtres.read.1.tlog
C:\Users\maksi\OneDrive\Документы\Visual Studio 2012\Projects\Шишкин\Проект8\Проект8\Debug\link.12636-cvtres.write.1.tlog
C:\Users\maksi\OneDrive\Документы\Visual Studio 2012\Projects\Шишкин\Проект8\Проект8\Debug\link.12636-rc.read.1.tlog
C:\Users\maksi\OneDrive\Документы\Visual Studio 2012\Projects\Шишкин\Проект8\Проект8\Debug\link.12636-rc.write.1.tlog
C:\Users\maksi\OneDrive\Документы\Visual Studio 2012\Projects\Шишкин\Проект8\Проект8\Debug\link.12636.read.1.tlog
C:\Users\maksi\OneDrive\Документы\Visual Studio 2012\Projects\Шишкин\Проект8\Проект8\Debug\link.12636.write.1.tlog
C:\Users\maksi\OneDrive\Документы\Visual Studio 2012\Projects\Шишкин\Проект8\Проект8\Debug\link.12912-cvtres.read.1.tlog
C:\Users\maksi\OneDrive\Документы\Visual Studio 2012\Projects\Шишкин\Проект8\Проект8\Debug\link.12912-cvtres.write.1.tlog
C:\Users\maksi\OneDrive\Документы\Visual Studio 2012\Projects\Шишкин\Проект8\Проект8\Debug\link.12912-rc.read.1.tlog
C:\Users\maksi\OneDrive\Документы\Visual Studio 2012\Projects\Шишкин\Проект8\Проект8\Debug\link.12912-rc.write.1.tlog
C:\Users\maksi\OneDrive\Документы\Visual Studio 2012\Projects\Шишкин\Проект8\Проект8\Debug\link.12912.read.1.tlog
C:\Users\maksi\OneDrive\Документы\Visual Studio 2012\Projects\Шишкин\Проект8\Проект8\Debug\link.12912.write.1.tlog
C:\Users\maksi\OneDrive\Документы\Visual Studio 2012\Projects\Шишкин\Проект8\Проект8\Debug\link.13064-cvtres.read.1.tlog
C:\Users\maksi\OneDrive\Документы\Visual Studio 2012\Projects\Шишкин\Проект8\Проект8\Debug\link.13064-cvtres.write.1.tlog
C:\Users\maksi\OneDrive\Документы\Visual Studio 2012\Projects\Шишкин\Проект8\Проект8\Debug\link.13064-rc.read.1.tlog
C:\Users\maksi\OneDrive\Документы\Visual Studio 2012\Projects\Шишкин\Проект8\Проект8\Debug\link.13064-rc.write.1.tlog
C:\Users\maksi\OneDrive\Документы\Visual Studio 2012\Projects\Шишкин\Проект8\Проект8\Debug\link.13064.read.1.tlog
C:\Users\maksi\OneDrive\Документы\Visual Studio 2012\Projects\Шишкин\Проект8\Проект8\Debug\link.13064.write.1.tlog
C:\Users\maksi\OneDrive\Документы\Visual Studio 2012\Projects\Шишкин\Проект8\Проект8\Debug\link.13092-cvtres.read.1.tlog
C:\Users\maksi\OneDrive\Документы\Visual Studio 2012\Projects\Шишкин\Проект8\Проект8\Debug\link.13092-cvtres.write.1.tlog
C:\Users\maksi\OneDrive\Документы\Visual Studio 2012\Projects\Шишкин\Проект8\Проект8\Debug\link.13092-rc.read.1.tlog
C:\Users\maksi\OneDrive\Документы\Visual Studio 2012\Projects\Шишкин\Проект8\Проект8\Debug\link.13092-rc.write.1.tlog
C:\Users\maksi\OneDrive\Документы\Visual Studio 2012\Projects\Шишкин\Проект8\Проект8\Debug\link.13092.read.1.tlog
C:\Users\maksi\OneDrive\Документы\Visual Studio 2012\Projects\Шишкин\Проект8\Проект8\Debug\link.13092.write.1.tlog
C:\Users\maksi\OneDrive\Документы\Visual Studio 2012\Projects\Шишкин\Проект8\Проект8\Debug\link.13876-cvtres.read.1.tlog
C:\Users\maksi\OneDrive\Документы\Visual Studio 2012\Projects\Шишкин\Проект8\Проект8\Debug\link.13876-cvtres.write.1.tlog
C:\Users\maksi\OneDrive\Документы\Visual Studio 2012\Projects\Шишкин\Проект8\Проект8\Debug\link.13876-rc.read.1.tlog
C:\Users\maksi\OneDrive\Документы\Visual Studio 2012\Projects\Шишкин\Проект8\Проект8\Debug\link.13876-rc.write.1.tlog
C:\Users\maksi\OneDrive\Документы\Visual Studio 2012\Projects\Шишкин\Проект8\Проект8\Debug\link.13876.read.1.tlog
C:\Users\maksi\OneDrive\Документы\Visual Studio 2012\Projects\Шишкин\Проект8\Проект8\Debug\link.13876.write.1.tlog
C:\Users\maksi\OneDrive\Документы\Visual Studio 2012\Projects\Шишкин\Проект8\Проект8\Debug\link.14220-cvtres.read.1.tlog
C:\Users\maksi\OneDrive\Документы\Visual Studio 2012\Projects\Шишкин\Проект8\Проект8\Debug\link.14220-cvtres.write.1.tlog
C:\Users\maksi\OneDrive\Документы\Visual Studio 2012\Projects\Шишкин\Проект8\Проект8\Debug\link.14220-rc.read.1.tlog
C:\Users\maksi\OneDrive\Документы\Visual Studio 2012\Projects\Шишкин\Проект8\Проект8\Debug\link.14220-rc.write.1.tlog
C:\Users\maksi\OneDrive\Документы\Visual Studio 2012\Projects\Шишкин\Проект8\Проект8\Debug\link.14220.read.1.tlog
C:\Users\maksi\OneDrive\Документы\Visual Studio 2012\Projects\Шишкин\Проект8\Проект8\Debug\link.14220.write.1.tlog
C:\Users\maksi\OneDrive\Документы\Visual Studio 2012\Projects\Шишкин\Проект8\Проект8\Debug\link.14684-cvtres.read.1.tlog
C:\Users\maksi\OneDrive\Документы\Visual Studio 2012\Projects\Шишкин\Проект8\Проект8\Debug\link.14684-cvtres.write.1.tlog
C:\Users\maksi\OneDrive\Документы\Visual Studio 2012\Projects\Шишкин\Проект8\Проект8\Debug\link.14684-rc.read.1.tlog
C:\Users\maksi\OneDrive\Документы\Visual Studio 2012\Projects\Шишкин\Проект8\Проект8\Debug\link.14684-rc.write.1.tlog
C:\Users\maksi\OneDrive\Документы\Visual Studio 2012\Projects\Шишкин\Проект8\Проект8\Debug\link.14684.read.1.tlog
C:\Users\maksi\OneDrive\Документы\Visual Studio 2012\Projects\Шишкин\Проект8\Проект8\Debug\link.14684.write.1.tlog
C:\Users\maksi\OneDrive\Документы\Visual Studio 2012\Projects\Шишкин\Проект8\Проект8\Debug\link.15012-cvtres.read.1.tlog
C:\Users\maksi\OneDrive\Документы\Visual Studio 2012\Projects\Шишкин\Проект8\Проект8\Debug\link.15012-cvtres.write.1.tlog
C:\Users\maksi\OneDrive\Документы\Visual Studio 2012\Projects\Шишкин\Проект8\Проект8\Debug\link.15012-rc.read.1.tlog
C:\Users\maksi\OneDrive\Документы\Visual Studio 2012\Projects\Шишкин\Проект8\Проект8\Debug\link.15012-rc.write.1.tlog
C:\Users\maksi\OneDrive\Документы\Visual Studio 2012\Projects\Шишкин\Проект8\Проект8\Debug\link.15012.read.1.tlog
C:\Users\maksi\OneDrive\Документы\Visual Studio 2012\Projects\Шишкин\Проект8\Проект8\Debug\link.15012.write.1.tlog
C:\Users\maksi\OneDrive\Документы\Visual Studio 2012\Projects\Шишкин\Проект8\Проект8\Debug\link.15172-cvtres.read.1.tlog
C:\Users\maksi\OneDrive\Документы\Visual Studio 2012\Projects\Шишкин\Проект8\Проект8\Debug\link.15172-cvtres.write.1.tlog
C:\Users\maksi\OneDrive\Документы\Visual Studio 2012\Projects\Шишкин\Проект8\Проект8\Debug\link.15172-rc.read.1.tlog
C:\Users\maksi\OneDrive\Документы\Visual Studio 2012\Projects\Шишкин\Проект8\Проект8\Debug\link.15172-rc.write.1.tlog
C:\Users\maksi\OneDrive\Документы\Visual Studio 2012\Projects\Шишкин\Проект8\Проект8\Debug\link.15172.read.1.tlog
C:\Users\maksi\OneDrive\Документы\Visual Studio 2012\Projects\Шишкин\Проект8\Проект8\Debug\link.15172.write.1.tlog
C:\Users\maksi\OneDrive\Документы\Visual Studio 2012\Projects\Шишкин\Проект8\Проект8\Debug\link.15180-cvtres.read.1.tlog
C:\Users\maksi\OneDrive\Документы\Visual Studio 2012\Projects\Шишкин\Проект8\Проект8\Debug\link.15180-cvtres.write.1.tlog
C:\Users\maksi\OneDrive\Документы\Visual Studio 2012\Projects\Шишкин\Проект8\Проект8\Debug\link.15180-rc.read.1.tlog
C:\Users\maksi\OneDrive\Документы\Visual Studio 2012\Projects\Шишкин\Проект8\Проект8\Debug\link.15180-rc.write.1.tlog
C:\Users\maksi\OneDrive\Документы\Visual Studio 2012\Projects\Шишкин\Проект8\Проект8\Debug\link.15180.read.1.tlog
C:\Users\maksi\OneDrive\Документы\Visual Studio 2012\Projects\Шишкин\Проект8\Проект8\Debug\link.15180.write.1.tlog
C:\Users\maksi\OneDrive\Документы\Visual Studio 2012\Projects\Шишкин\Проект8\Проект8\Debug\link.15236-cvtres.read.1.tlog
C:\Users\maksi\OneDrive\Документы\Visual Studio 2012\Projects\Шишкин\Проект8\Проект8\Debug\link.15236-cvtres.write.1.tlog
C:\Users\maksi\OneDrive\Документы\Visual Studio 2012\Projects\Шишкин\Проект8\Проект8\Debug\link.15236-rc.read.1.tlog
C:\Users\maksi\OneDrive\Документы\Visual Studio 2012\Projects\Шишкин\Проект8\Проект8\Debug\link.15236-rc.write.1.tlog
C:\Users\maksi\OneDrive\Документы\Visual Studio 2012\Projects\Шишкин\Проект8\Проект8\Debug\link.15236.read.1.tlog
C:\Users\maksi\OneDrive\Документы\Visual Studio 2012\Projects\Шишкин\Проект8\Проект8\Debug\link.15236.write.1.tlog
C:\Users\maksi\OneDrive\Документы\Visual Studio 2012\Projects\Шишкин\Проект8\Проект8\Debug\link.16288-cvtres.read.1.tlog
C:\Users\maksi\OneDrive\Документы\Visual Studio 2012\Projects\Шишкин\Проект8\Проект8\Debug\link.16288-cvtres.write.1.tlog
C:\Users\maksi\OneDrive\Документы\Visual Studio 2012\Projects\Шишкин\Проект8\Проект8\Debug\link.16288-rc.read.1.tlog
C:\Users\maksi\OneDrive\Документы\Visual Studio 2012\Projects\Шишкин\Проект8\Проект8\Debug\link.16288-rc.write.1.tlog
C:\Users\maksi\OneDrive\Документы\Visual Studio 2012\Projects\Шишкин\Проект8\Проект8\Debug\link.16288.read.1.tlog
C:\Users\maksi\OneDrive\Документы\Visual Studio 2012\Projects\Шишкин\Проект8\Проект8\Debug\link.16288.write.1.tlog
C:\Users\maksi\OneDrive\Документы\Visual Studio 2012\Projects\Шишкин\Проект8\Проект8\Debug\link.16800-cvtres.read.1.tlog
C:\Users\maksi\OneDrive\Документы\Visual Studio 2012\Projects\Шишкин\Проект8\Проект8\Debug\link.16800-cvtres.write.1.tlog
C:\Users\maksi\OneDrive\Документы\Visual Studio 2012\Projects\Шишкин\Проект8\Проект8\Debug\link.16800-rc.read.1.tlog
C:\Users\maksi\OneDrive\Документы\Visual Studio 2012\Projects\Шишкин\Проект8\Проект8\Debug\link.16800-rc.write.1.tlog
C:\Users\maksi\OneDrive\Документы\Visual Studio 2012\Projects\Шишкин\Проект8\Проект8\Debug\link.16800.read.1.tlog
C:\Users\maksi\OneDrive\Документы\Visual Studio 2012\Projects\Шишкин\Проект8\Проект8\Debug\link.16800.write.1.tlog
C:\Users\maksi\OneDrive\Документы\Visual Studio 2012\Projects\Шишкин\Проект8\Проект8\Debug\link.17164-cvtres.read.1.tlog
C:\Users\maksi\OneDrive\Документы\Visual Studio 2012\Projects\Шишкин\Проект8\Проект8\Debug\link.17164-cvtres.write.1.tlog
C:\Users\maksi\OneDrive\Документы\Visual Studio 2012\Projects\Шишкин\Проект8\Проект8\Debug\link.17164-rc.read.1.tlog
C:\Users\maksi\OneDrive\Документы\Visual Studio 2012\Projects\Шишкин\Проект8\Проект8\Debug\link.17164-rc.write.1.tlog
C:\Users\maksi\OneDrive\Документы\Visual Studio 2012\Projects\Шишкин\Проект8\Проект8\Debug\link.17164.read.1.tlog
C:\Users\maksi\OneDrive\Документы\Visual Studio 2012\Projects\Шишкин\Проект8\Проект8\Debug\link.17164.write.1.tlog
C:\Users\maksi\OneDrive\Документы\Visual Studio 2012\Projects\Шишкин\Проект8\Проект8\Debug\link.17568-cvtres.read.1.tlog
C:\Users\maksi\OneDrive\Документы\Visual Studio 2012\Projects\Шишкин\Проект8\Проект8\Debug\link.17568-cvtres.write.1.tlog
C:\Users\maksi\OneDrive\Документы\Visual Studio 2012\Projects\Шишкин\Проект8\Проект8\Debug\link.17568-rc.read.1.tlog
C:\Users\maksi\OneDrive\Документы\Visual Studio 2012\Projects\Шишкин\Проект8\Проект8\Debug\link.17568-rc.write.1.tlog
C:\Users\maksi\OneDrive\Документы\Visual Studio 2012\Projects\Шишкин\Проект8\Проект8\Debug\link.17568.read.1.tlog
C:\Users\maksi\OneDrive\Документы\Visual Studio 2012\Projects\Шишкин\Проект8\Проект8\Debug\link.17568.write.1.tlog
C:\Users\maksi\OneDrive\Документы\Visual Studio 2012\Projects\Шишкин\Проект8\Проект8\Debug\link.17616-cvtres.read.1.tlog
C:\Users\maksi\OneDrive\Документы\Visual Studio 2012\Projects\Шишкин\Проект8\Проект8\Debug\link.17616-cvtres.write.1.tlog
C:\Users\maksi\OneDrive\Документы\Visual Studio 2012\Projects\Шишкин\Проект8\Проект8\Debug\link.17616-rc.read.1.tlog
C:\Users\maksi\OneDrive\Документы\Visual Studio 2012\Projects\Шишкин\Проект8\Проект8\Debug\link.17616-rc.write.1.tlog
C:\Users\maksi\OneDrive\Документы\Visual Studio 2012\Projects\Шишкин\Проект8\Проект8\Debug\link.17616.read.1.tlog
C:\Users\maksi\OneDrive\Документы\Visual Studio 2012\Projects\Шишкин\Проект8\Проект8\Debug\link.17616.write.1.tlog
C:\Users\maksi\OneDrive\Документы\Visual Studio 2012\Projects\Шишкин\Проект8\Проект8\Debug\link.17676-cvtres.read.1.tlog
C:\Users\maksi\OneDrive\Документы\Visual Studio 2012\Projects\Шишкин\Проект8\Проект8\Debug\link.17676-cvtres.write.1.tlog
C:\Users\maksi\OneDrive\Документы\Visual Studio 2012\Projects\Шишкин\Проект8\Проект8\Debug\link.17676-rc.read.1.tlog
C:\Users\maksi\OneDrive\Документы\Visual Studio 2012\Projects\Шишкин\Проект8\Проект8\Debug\link.17676-rc.write.1.tlog
C:\Users\maksi\OneDrive\Документы\Visual Studio 2012\Projects\Шишкин\Проект8\Проект8\Debug\link.17676.read.1.tlog
C:\Users\maksi\OneDrive\Документы\Visual Studio 2012\Projects\Шишкин\Проект8\Проект8\Debug\link.17676.write.1.tlog
C:\Users\maksi\OneDrive\Документы\Visual Studio 2012\Projects\Шишкин\Проект8\Проект8\Debug\link.17724-cvtres.read.1.tlog
C:\Users\maksi\OneDrive\Документы\Visual Studio 2012\Projects\Шишкин\Проект8\Проект8\Debug\link.17724-cvtres.write.1.tlog
C:\Users\maksi\OneDrive\Документы\Visual Studio 2012\Projects\Шишкин\Проект8\Проект8\Debug\link.17724-rc.read.1.tlog
C:\Users\maksi\OneDrive\Документы\Visual Studio 2012\Projects\Шишкин\Проект8\Проект8\Debug\link.17724-rc.write.1.tlog
C:\Users\maksi\OneDrive\Документы\Visual Studio 2012\Projects\Шишкин\Проект8\Проект8\Debug\link.17724.read.1.tlog
C:\Users\maksi\OneDrive\Документы\Visual Studio 2012\Projects\Шишкин\Проект8\Проект8\Debug\link.17724.write.1.tlog
C:\Users\maksi\OneDrive\Документы\Visual Studio 2012\Projects\Шишкин\Проект8\Проект8\Debug\link.17808-cvtres.read.1.tlog
C:\Users\maksi\OneDrive\Документы\Visual Studio 2012\Projects\Шишкин\Проект8\Проект8\Debug\link.17808-cvtres.write.1.tlog
C:\Users\maksi\OneDrive\Документы\Visual Studio 2012\Projects\Шишкин\Проект8\Проект8\Debug\link.17808-rc.read.1.tlog
C:\Users\maksi\OneDrive\Документы\Visual Studio 2012\Projects\Шишкин\Проект8\Проект8\Debug\link.17808-rc.write.1.tlog
C:\Users\maksi\OneDrive\Документы\Visual Studio 2012\Projects\Шишкин\Проект8\Проект8\Debug\link.17808.read.1.tlog
C:\Users\maksi\OneDrive\Документы\Visual Studio 2012\Projects\Шишкин\Проект8\Проект8\Debug\link.17808.write.1.tlog
C:\Users\maksi\OneDrive\Документы\Visual Studio 2012\Projects\Шишкин\Проект8\Проект8\Debug\link.17936-cvtres.read.1.tlog
C:\Users\maksi\OneDrive\Документы\Visual Studio 2012\Projects\Шишкин\Проект8\Проект8\Debug\link.17936-cvtres.write.1.tlog
C:\Users\maksi\OneDrive\Документы\Visual Studio 2012\Projects\Шишкин\Проект8\Проект8\Debug\link.17936-rc.read.1.tlog
C:\Users\maksi\OneDrive\Документы\Visual Studio 2012\Projects\Шишкин\Проект8\Проект8\Debug\link.17936-rc.write.1.tlog
C:\Users\maksi\OneDrive\Документы\Visual Studio 2012\Projects\Шишкин\Проект8\Проект8\Debug\link.17936.read.1.tlog
C:\Users\maksi\OneDrive\Документы\Visual Studio 2012\Projects\Шишкин\Проект8\Проект8\Debug\link.17936.write.1.tlog
C:\Users\maksi\OneDrive\Документы\Visual Studio 2012\Projects\Шишкин\Проект8\Проект8\Debug\link.18000-cvtres.read.1.tlog
C:\Users\maksi\OneDrive\Документы\Visual Studio 2012\Projects\Шишкин\Проект8\Проект8\Debug\link.18000-cvtres.write.1.tlog
C:\Users\maksi\OneDrive\Документы\Visual Studio 2012\Projects\Шишкин\Проект8\Проект8\Debug\link.18000-rc.read.1.tlog
C:\Users\maksi\OneDrive\Документы\Visual Studio 2012\Projects\Шишкин\Проект8\Проект8\Debug\link.18000-rc.write.1.tlog
C:\Users\maksi\OneDrive\Документы\Visual Studio 2012\Projects\Шишкин\Проект8\Проект8\Debug\link.18000.read.1.tlog
C:\Users\maksi\OneDrive\Документы\Visual Studio 2012\Projects\Шишкин\Проект8\Проект8\Debug\link.18000.write.1.tlog
C:\Users\maksi\OneDrive\Документы\Visual Studio 2012\Projects\Шишкин\Проект8\Проект8\Debug\link.1936-cvtres.read.1.tlog
C:\Users\maksi\OneDrive\Документы\Visual Studio 2012\Projects\Шишкин\Проект8\Проект8\Debug\link.1936-cvtres.write.1.tlog
C:\Users\maksi\OneDrive\Документы\Visual Studio 2012\Projects\Шишкин\Проект8\Проект8\Debug\link.1936-rc.read.1.tlog
C:\Users\maksi\OneDrive\Документы\Visual Studio 2012\Projects\Шишкин\Проект8\Проект8\Debug\link.1936-rc.write.1.tlog
C:\Users\maksi\OneDrive\Документы\Visual Studio 2012\Projects\Шишкин\Проект8\Проект8\Debug\link.1936.read.1.tlog
C:\Users\maksi\OneDrive\Документы\Visual Studio 2012\Projects\Шишкин\Проект8\Проект8\Debug\link.1936.write.1.tlog
C:\Users\maksi\OneDrive\Документы\Visual Studio 2012\Projects\Шишкин\Проект8\Проект8\Debug\link.2588-cvtres.read.1.tlog
C:\Users\maksi\OneDrive\Документы\Visual Studio 2012\Projects\Шишкин\Проект8\Проект8\Debug\link.2588-cvtres.write.1.tlog
C:\Users\maksi\OneDrive\Документы\Visual Studio 2012\Projects\Шишкин\Проект8\Проект8\Debug\link.2588-rc.read.1.tlog
C:\Users\maksi\OneDrive\Документы\Visual Studio 2012\Projects\Шишкин\Проект8\Проект8\Debug\link.2588-rc.write.1.tlog
C:\Users\maksi\OneDrive\Документы\Visual Studio 2012\Projects\Шишкин\Проект8\Проект8\Debug\link.2588.read.1.tlog
C:\Users\maksi\OneDrive\Документы\Visual Studio 2012\Projects\Шишкин\Проект8\Проект8\Debug\link.2588.write.1.tlog
C:\Users\maksi\OneDrive\Документы\Visual Studio 2012\Projects\Шишкин\Проект8\Проект8\Debug\link.2648-cvtres.read.1.tlog
C:\Users\maksi\OneDrive\Документы\Visual Studio 2012\Projects\Шишкин\Проект8\Проект8\Debug\link.2648-cvtres.write.1.tlog
C:\Users\maksi\OneDrive\Документы\Visual Studio 2012\Projects\Шишкин\Проект8\Проект8\Debug\link.2648-rc.read.1.tlog
C:\Users\maksi\OneDrive\Документы\Visual Studio 2012\Projects\Шишкин\Проект8\Проект8\Debug\link.2648-rc.write.1.tlog
C:\Users\maksi\OneDrive\Документы\Visual Studio 2012\Projects\Шишкин\Проект8\Проект8\Debug\link.2648.read.1.tlog
C:\Users\maksi\OneDrive\Документы\Visual Studio 2012\Projects\Шишкин\Проект8\Проект8\Debug\link.2648.write.1.tlog
C:\Users\maksi\OneDrive\Документы\Visual Studio 2012\Projects\Шишкин\Проект8\Проект8\Debug\link.2760-cvtres.read.1.tlog
C:\Users\maksi\OneDrive\Документы\Visual Studio 2012\Projects\Шишкин\Проект8\Проект8\Debug\link.2760-cvtres.write.1.tlog
C:\Users\maksi\OneDrive\Документы\Visual Studio 2012\Projects\Шишкин\Проект8\Проект8\Debug\link.2760-rc.read.1.tlog
C:\Users\maksi\OneDrive\Документы\Visual Studio 2012\Projects\Шишкин\Проект8\Проект8\Debug\link.2760-rc.write.1.tlog
C:\Users\maksi\OneDrive\Документы\Visual Studio 2012\Projects\Шишкин\Проект8\Проект8\Debug\link.2760.read.1.tlog
C:\Users\maksi\OneDrive\Документы\Visual Studio 2012\Projects\Шишкин\Проект8\Проект8\Debug\link.2760.write.1.tlog
C:\Users\maksi\OneDrive\Документы\Visual Studio 2012\Projects\Шишкин\Проект8\Проект8\Debug\link.2784-cvtres.read.1.tlog
C:\Users\maksi\OneDrive\Документы\Visual Studio 2012\Projects\Шишкин\Проект8\Проект8\Debug\link.2784-cvtres.write.1.tlog
C:\Users\maksi\OneDrive\Документы\Visual Studio 2012\Projects\Шишкин\Проект8\Проект8\Debug\link.2784-rc.read.1.tlog
C:\Users\maksi\OneDrive\Документы\Visual Studio 2012\Projects\Шишкин\Проект8\Проект8\Debug\link.2784-rc.write.1.tlog
C:\Users\maksi\OneDrive\Документы\Visual Studio 2012\Projects\Шишкин\Проект8\Проект8\Debug\link.2784.read.1.tlog
C:\Users\maksi\OneDrive\Документы\Visual Studio 2012\Projects\Шишкин\Проект8\Проект8\Debug\link.2784.write.1.tlog
C:\Users\maksi\OneDrive\Документы\Visual Studio 2012\Projects\Шишкин\Проект8\Проект8\Debug\link.2944-cvtres.read.1.tlog
C:\Users\maksi\OneDrive\Документы\Visual Studio 2012\Projects\Шишкин\Проект8\Проект8\Debug\link.2944-cvtres.write.1.tlog
C:\Users\maksi\OneDrive\Документы\Visual Studio 2012\Projects\Шишкин\Проект8\Проект8\Debug\link.2944-rc.read.1.tlog
C:\Users\maksi\OneDrive\Документы\Visual Studio 2012\Projects\Шишкин\Проект8\Проект8\Debug\link.2944-rc.write.1.tlog
C:\Users\maksi\OneDrive\Документы\Visual Studio 2012\Projects\Шишкин\Проект8\Проект8\Debug\link.2944.read.1.tlog
C:\Users\maksi\OneDrive\Документы\Visual Studio 2012\Projects\Шишкин\Проект8\Проект8\Debug\link.2944.write.1.tlog
C:\Users\maksi\OneDrive\Документы\Visual Studio 2012\Projects\Шишкин\Проект8\Проект8\Debug\link.2952-cvtres.read.1.tlog
C:\Users\maksi\OneDrive\Документы\Visual Studio 2012\Projects\Шишкин\Проект8\Проект8\Debug\link.2952-cvtres.write.1.tlog
C:\Users\maksi\OneDrive\Документы\Visual Studio 2012\Projects\Шишкин\Проект8\Проект8\Debug\link.2952-rc.read.1.tlog
C:\Users\maksi\OneDrive\Документы\Visual Studio 2012\Projects\Шишкин\Проект8\Проект8\Debug\link.2952-rc.write.1.tlog
C:\Users\maksi\OneDrive\Документы\Visual Studio 2012\Projects\Шишкин\Проект8\Проект8\Debug\link.2952.read.1.tlog
C:\Users\maksi\OneDrive\Документы\Visual Studio 2012\Projects\Шишкин\Проект8\Проект8\Debug\link.2952.write.1.tlog
C:\Users\maksi\OneDrive\Документы\Visual Studio 2012\Projects\Шишкин\Проект8\Проект8\Debug\link.3004-cvtres.read.1.tlog
C:\Users\maksi\OneDrive\Документы\Visual Studio 2012\Projects\Шишкин\Проект8\Проект8\Debug\link.3004-cvtres.write.1.tlog
C:\Users\maksi\OneDrive\Документы\Visual Studio 2012\Projects\Шишкин\Проект8\Проект8\Debug\link.3004-rc.read.1.tlog
C:\Users\maksi\OneDrive\Документы\Visual Studio 2012\Projects\Шишкин\Проект8\Проект8\Debug\link.3004-rc.write.1.tlog
C:\Users\maksi\OneDrive\Документы\Visual Studio 2012\Projects\Шишкин\Проект8\Проект8\Debug\link.3004.read.1.tlog
C:\Users\maksi\OneDrive\Документы\Visual Studio 2012\Projects\Шишкин\Проект8\Проект8\Debug\link.3004.write.1.tlog
C:\Users\maksi\OneDrive\Документы\Visual Studio 2012\Projects\Шишкин\Проект8\Проект8\Debug\link.3112-cvtres.read.1.tlog
C:\Users\maksi\OneDrive\Документы\Visual Studio 2012\Projects\Шишкин\Проект8\Проект8\Debug\link.3112-cvtres.write.1.tlog
C:\Users\maksi\OneDrive\Документы\Visual Studio 2012\Projects\Шишкин\Проект8\Проект8\Debug\link.3112-rc.read.1.tlog
C:\Users\maksi\OneDrive\Документы\Visual Studio 2012\Projects\Шишкин\Проект8\Проект8\Debug\link.3112-rc.write.1.tlog
C:\Users\maksi\OneDrive\Документы\Visual Studio 2012\Projects\Шишкин\Проект8\Проект8\Debug\link.3112.read.1.tlog
C:\Users\maksi\OneDrive\Документы\Visual Studio 2012\Projects\Шишкин\Проект8\Проект8\Debug\link.3112.write.1.tlog
C:\Users\maksi\OneDrive\Документы\Visual Studio 2012\Projects\Шишкин\Проект8\Проект8\Debug\link.3904-cvtres.read.1.tlog
C:\Users\maksi\OneDrive\Документы\Visual Studio 2012\Projects\Шишкин\Проект8\Проект8\Debug\link.3904-cvtres.write.1.tlog
C:\Users\maksi\OneDrive\Документы\Visual Studio 2012\Projects\Шишкин\Проект8\Проект8\Debug\link.3904-rc.read.1.tlog
C:\Users\maksi\OneDrive\Документы\Visual Studio 2012\Projects\Шишкин\Проект8\Проект8\Debug\link.3904-rc.write.1.tlog
C:\Users\maksi\OneDrive\Документы\Visual Studio 2012\Projects\Шишкин\Проект8\Проект8\Debug\link.3904.read.1.tlog
C:\Users\maksi\OneDrive\Документы\Visual Studio 2012\Projects\Шишкин\Проект8\Проект8\Debug\link.3904.write.1.tlog
C:\Users\maksi\OneDrive\Документы\Visual Studio 2012\Projects\Шишкин\Проект8\Проект8\Debug\link.4448-cvtres.read.1.tlog
C:\Users\maksi\OneDrive\Документы\Visual Studio 2012\Projects\Шишкин\Проект8\Проект8\Debug\link.4448-cvtres.write.1.tlog
C:\Users\maksi\OneDrive\Документы\Visual Studio 2012\Projects\Шишкин\Проект8\Проект8\Debug\link.4448-rc.read.1.tlog
C:\Users\maksi\OneDrive\Документы\Visual Studio 2012\Projects\Шишкин\Проект8\Проект8\Debug\link.4448-rc.write.1.tlog
C:\Users\maksi\OneDrive\Документы\Visual Studio 2012\Projects\Шишкин\Проект8\Проект8\Debug\link.4448.read.1.tlog
C:\Users\maksi\OneDrive\Документы\Visual Studio 2012\Projects\Шишкин\Проект8\Проект8\Debug\link.4448.write.1.tlog
C:\Users\maksi\OneDrive\Документы\Visual Studio 2012\Projects\Шишкин\Проект8\Проект8\Debug\link.4452-cvtres.read.1.tlog
C:\Users\maksi\OneDrive\Документы\Visual Studio 2012\Projects\Шишкин\Проект8\Проект8\Debug\link.4452-cvtres.write.1.tlog
C:\Users\maksi\OneDrive\Документы\Visual Studio 2012\Projects\Шишкин\Проект8\Проект8\Debug\link.4452-rc.read.1.tlog
C:\Users\maksi\OneDrive\Документы\Visual Studio 2012\Projects\Шишкин\Проект8\Проект8\Debug\link.4452-rc.write.1.tlog
C:\Users\maksi\OneDrive\Документы\Visual Studio 2012\Projects\Шишкин\Проект8\Проект8\Debug\link.4452.read.1.tlog
C:\Users\maksi\OneDrive\Документы\Visual Studio 2012\Projects\Шишкин\Проект8\Проект8\Debug\link.4452.write.1.tlog
C:\Users\maksi\OneDrive\Документы\Visual Studio 2012\Projects\Шишкин\Проект8\Проект8\Debug\link.5012-cvtres.read.1.tlog
C:\Users\maksi\OneDrive\Документы\Visual Studio 2012\Projects\Шишкин\Проект8\Проект8\Debug\link.5012-cvtres.write.1.tlog
C:\Users\maksi\OneDrive\Документы\Visual Studio 2012\Projects\Шишкин\Проект8\Проект8\Debug\link.5012-rc.read.1.tlog
C:\Users\maksi\OneDrive\Документы\Visual Studio 2012\Projects\Шишкин\Проект8\Проект8\Debug\link.5012-rc.write.1.tlog
C:\Users\maksi\OneDrive\Документы\Visual Studio 2012\Projects\Шишкин\Проект8\Проект8\Debug\link.5012.read.1.tlog
C:\Users\maksi\OneDrive\Документы\Visual Studio 2012\Projects\Шишкин\Проект8\Проект8\Debug\link.5012.write.1.tlog
C:\Users\maksi\OneDrive\Документы\Visual Studio 2012\Projects\Шишкин\Проект8\Проект8\Debug\link.5016-cvtres.read.1.tlog
C:\Users\maksi\OneDrive\Документы\Visual Studio 2012\Projects\Шишкин\Проект8\Проект8\Debug\link.5016-cvtres.write.1.tlog
C:\Users\maksi\OneDrive\Документы\Visual Studio 2012\Projects\Шишкин\Проект8\Проект8\Debug\link.5016-rc.read.1.tlog
C:\Users\maksi\OneDrive\Документы\Visual Studio 2012\Projects\Шишкин\Проект8\Проект8\Debug\link.5016-rc.write.1.tlog
C:\Users\maksi\OneDrive\Документы\Visual Studio 2012\Projects\Шишкин\Проект8\Проект8\Debug\link.5016.read.1.tlog
C:\Users\maksi\OneDrive\Документы\Visual Studio 2012\Projects\Шишкин\Проект8\Проект8\Debug\link.5016.write.1.tlog
C:\Users\maksi\OneDrive\Документы\Visual Studio 2012\Projects\Шишкин\Проект8\Проект8\Debug\link.5052-cvtres.read.1.tlog
C:\Users\maksi\OneDrive\Документы\Visual Studio 2012\Projects\Шишкин\Проект8\Проект8\Debug\link.5052-cvtres.write.1.tlog
C:\Users\maksi\OneDrive\Документы\Visual Studio 2012\Projects\Шишкин\Проект8\Проект8\Debug\link.5052-rc.read.1.tlog
C:\Users\maksi\OneDrive\Документы\Visual Studio 2012\Projects\Шишкин\Проект8\Проект8\Debug\link.5052-rc.write.1.tlog
C:\Users\maksi\OneDrive\Документы\Visual Studio 2012\Projects\Шишкин\Проект8\Проект8\Debug\link.5052.read.1.tlog
C:\Users\maksi\OneDrive\Документы\Visual Studio 2012\Projects\Шишкин\Проект8\Проект8\Debug\link.5052.write.1.tlog
C:\Users\maksi\OneDrive\Документы\Visual Studio 2012\Projects\Шишкин\Проект8\Проект8\Debug\link.5068-cvtres.read.1.tlog
C:\Users\maksi\OneDrive\Документы\Visual Studio 2012\Projects\Шишкин\Проект8\Проект8\Debug\link.5068-cvtres.write.1.tlog
C:\Users\maksi\OneDrive\Документы\Visual Studio 2012\Projects\Шишкин\Проект8\Проект8\Debug\link.5068-rc.read.1.tlog
C:\Users\maksi\OneDrive\Документы\Visual Studio 2012\Projects\Шишкин\Проект8\Проект8\Debug\link.5068-rc.write.1.tlog
C:\Users\maksi\OneDrive\Документы\Visual Studio 2012\Projects\Шишкин\Проект8\Проект8\Debug\link.5068.read.1.tlog
C:\Users\maksi\OneDrive\Документы\Visual Studio 2012\Projects\Шишкин\Проект8\Проект8\Debug\link.5068.write.1.tlog
C:\Users\maksi\OneDrive\Документы\Visual Studio 2012\Projects\Шишкин\Проект8\Проект8\Debug\link.5784-cvtres.read.1.tlog
C:\Users\maksi\OneDrive\Документы\Visual Studio 2012\Projects\Шишкин\Проект8\Проект8\Debug\link.5784-cvtres.write.1.tlog
C:\Users\maksi\OneDrive\Документы\Visual Studio 2012\Projects\Шишкин\Проект8\Проект8\Debug\link.5784-rc.read.1.tlog
C:\Users\maksi\OneDrive\Документы\Visual Studio 2012\Projects\Шишкин\Проект8\Проект8\Debug\link.5784-rc.write.1.tlog
C:\Users\maksi\OneDrive\Документы\Visual Studio 2012\Projects\Шишкин\Проект8\Проект8\Debug\link.5784.read.1.tlog
C:\Users\maksi\OneDrive\Документы\Visual Studio 2012\Projects\Шишкин\Проект8\Проект8\Debug\link.5784.write.1.tlog
C:\Users\maksi\OneDrive\Документы\Visual Studio 2012\Projects\Шишкин\Проект8\Проект8\Debug\link.5928-cvtres.read.1.tlog
C:\Users\maksi\OneDrive\Документы\Visual Studio 2012\Projects\Шишкин\Проект8\Проект8\Debug\link.5928-cvtres.write.1.tlog
C:\Users\maksi\OneDrive\Документы\Visual Studio 2012\Projects\Шишкин\Проект8\Проект8\Debug\link.5928-rc.read.1.tlog
C:\Users\maksi\OneDrive\Документы\Visual Studio 2012\Projects\Шишкин\Проект8\Проект8\Debug\link.5928-rc.write.1.tlog
C:\Users\maksi\OneDrive\Документы\Visual Studio 2012\Projects\Шишкин\Проект8\Проект8\Debug\link.5928.read.1.tlog
C:\Users\maksi\OneDrive\Документы\Visual Studio 2012\Projects\Шишкин\Проект8\Проект8\Debug\link.5928.write.1.tlog
C:\Users\maksi\OneDrive\Документы\Visual Studio 2012\Projects\Шишкин\Проект8\Проект8\Debug\link.6548-cvtres.read.1.tlog
C:\Users\maksi\OneDrive\Документы\Visual Studio 2012\Projects\Шишкин\Проект8\Проект8\Debug\link.6548-cvtres.write.1.tlog
C:\Users\maksi\OneDrive\Документы\Visual Studio 2012\Projects\Шишкин\Проект8\Проект8\Debug\link.6548-rc.read.1.tlog
C:\Users\maksi\OneDrive\Документы\Visual Studio 2012\Projects\Шишкин\Проект8\Проект8\Debug\link.6548-rc.write.1.tlog
C:\Users\maksi\OneDrive\Документы\Visual Studio 2012\Projects\Шишкин\Проект8\Проект8\Debug\link.6548.read.1.tlog
C:\Users\maksi\OneDrive\Документы\Visual Studio 2012\Projects\Шишкин\Проект8\Проект8\Debug\link.6548.write.1.tlog
C:\Users\maksi\OneDrive\Документы\Visual Studio 2012\Projects\Шишкин\Проект8\Проект8\Debug\link.7108-cvtres.read.1.tlog
C:\Users\maksi\OneDrive\Документы\Visual Studio 2012\Projects\Шишкин\Проект8\Проект8\Debug\link.7108-cvtres.write.1.tlog
C:\Users\maksi\OneDrive\Документы\Visual Studio 2012\Projects\Шишкин\Проект8\Проект8\Debug\link.7108-rc.read.1.tlog
C:\Users\maksi\OneDrive\Документы\Visual Studio 2012\Projects\Шишкин\Проект8\Проект8\Debug\link.7108-rc.write.1.tlog
C:\Users\maksi\OneDrive\Документы\Visual Studio 2012\Projects\Шишкин\Проект8\Проект8\Debug\link.7108.read.1.tlog
C:\Users\maksi\OneDrive\Документы\Visual Studio 2012\Projects\Шишкин\Проект8\Проект8\Debug\link.7108.write.1.tlog
C:\Users\maksi\OneDrive\Документы\Visual Studio 2012\Projects\Шишкин\Проект8\Проект8\Debug\link.7216-cvtres.read.1.tlog
C:\Users\maksi\OneDrive\Документы\Visual Studio 2012\Projects\Шишкин\Проект8\Проект8\Debug\link.7216-cvtres.write.1.tlog
C:\Users\maksi\OneDrive\Документы\Visual Studio 2012\Projects\Шишкин\Проект8\Проект8\Debug\link.7216-rc.read.1.tlog
C:\Users\maksi\OneDrive\Документы\Visual Studio 2012\Projects\Шишкин\Проект8\Проект8\Debug\link.7216-rc.write.1.tlog
C:\Users\maksi\OneDrive\Документы\Visual Studio 2012\Projects\Шишкин\Проект8\Проект8\Debug\link.7216.read.1.tlog
C:\Users\maksi\OneDrive\Документы\Visual Studio 2012\Projects\Шишкин\Проект8\Проект8\Debug\link.7216.write.1.tlog
C:\Users\maksi\OneDrive\Документы\Visual Studio 2012\Projects\Шишкин\Проект8\Проект8\Debug\link.7308-cvtres.read.1.tlog
C:\Users\maksi\OneDrive\Документы\Visual Studio 2012\Projects\Шишкин\Проект8\Проект8\Debug\link.7308-cvtres.write.1.tlog
C:\Users\maksi\OneDrive\Документы\Visual Studio 2012\Projects\Шишкин\Проект8\Проект8\Debug\link.7308-rc.read.1.tlog
C:\Users\maksi\OneDrive\Документы\Visual Studio 2012\Projects\Шишкин\Проект8\Проект8\Debug\link.7308-rc.write.1.tlog
C:\Users\maksi\OneDrive\Документы\Visual Studio 2012\Projects\Шишкин\Проект8\Проект8\Debug\link.7308.read.1.tlog
C:\Users\maksi\OneDrive\Документы\Visual Studio 2012\Projects\Шишкин\Проект8\Проект8\Debug\link.7308.write.1.tlog
C:\Users\maksi\OneDrive\Документы\Visual Studio 2012\Projects\Шишкин\Проект8\Проект8\Debug\link.7540-cvtres.read.1.tlog
C:\Users\maksi\OneDrive\Документы\Visual Studio 2012\Projects\Шишкин\Проект8\Проект8\Debug\link.7540-cvtres.write.1.tlog
C:\Users\maksi\OneDrive\Документы\Visual Studio 2012\Projects\Шишкин\Проект8\Проект8\Debug\link.7540-rc.read.1.tlog
C:\Users\maksi\OneDrive\Документы\Visual Studio 2012\Projects\Шишкин\Проект8\Проект8\Debug\link.7540-rc.write.1.tlog
C:\Users\maksi\OneDrive\Документы\Visual Studio 2012\Projects\Шишкин\Проект8\Проект8\Debug\link.7540.read.1.tlog
C:\Users\maksi\OneDrive\Документы\Visual Studio 2012\Projects\Шишкин\Проект8\Проект8\Debug\link.7540.write.1.tlog
C:\Users\maksi\OneDrive\Документы\Visual Studio 2012\Projects\Шишкин\Проект8\Проект8\Debug\link.8148-cvtres.read.1.tlog
C:\Users\maksi\OneDrive\Документы\Visual Studio 2012\Projects\Шишкин\Проект8\Проект8\Debug\link.8148-cvtres.write.1.tlog
C:\Users\maksi\OneDrive\Документы\Visual Studio 2012\Projects\Шишкин\Проект8\Проект8\Debug\link.8148-rc.read.1.tlog
C:\Users\maksi\OneDrive\Документы\Visual Studio 2012\Projects\Шишкин\Проект8\Проект8\Debug\link.8148-rc.write.1.tlog
C:\Users\maksi\OneDrive\Документы\Visual Studio 2012\Projects\Шишкин\Проект8\Проект8\Debug\link.8148.read.1.tlog
C:\Users\maksi\OneDrive\Документы\Visual Studio 2012\Projects\Шишкин\Проект8\Проект8\Debug\link.8148.write.1.tlog
C:\Users\maksi\OneDrive\Документы\Visual Studio 2012\Projects\Шишкин\Проект8\Проект8\Debug\link.8172-cvtres.read.1.tlog
C:\Users\maksi\OneDrive\Документы\Visual Studio 2012\Projects\Шишкин\Проект8\Проект8\Debug\link.8172-cvtres.write.1.tlog
C:\Users\maksi\OneDrive\Документы\Visual Studio 2012\Projects\Шишкин\Проект8\Проект8\Debug\link.8172-rc.read.1.tlog
C:\Users\maksi\OneDrive\Документы\Visual Studio 2012\Projects\Шишкин\Проект8\Проект8\Debug\link.8172-rc.write.1.tlog
C:\Users\maksi\OneDrive\Документы\Visual Studio 2012\Projects\Шишкин\Проект8\Проект8\Debug\link.8172.read.1.tlog
C:\Users\maksi\OneDrive\Документы\Visual Studio 2012\Projects\Шишкин\Проект8\Проект8\Debug\link.8172.write.1.tlog
C:\Users\maksi\OneDrive\Документы\Visual Studio 2012\Projects\Шишкин\Проект8\Проект8\Debug\link.8504-cvtres.read.1.tlog
C:\Users\maksi\OneDrive\Документы\Visual Studio 2012\Projects\Шишкин\Проект8\Проект8\Debug\link.8504-cvtres.write.1.tlog
C:\Users\maksi\OneDrive\Документы\Visual Studio 2012\Projects\Шишкин\Проект8\Проект8\Debug\link.8504-rc.read.1.tlog
C:\Users\maksi\OneDrive\Документы\Visual Studio 2012\Projects\Шишкин\Проект8\Проект8\Debug\link.8504-rc.write.1.tlog
C:\Users\maksi\OneDrive\Документы\Visual Studio 2012\Projects\Шишкин\Проект8\Проект8\Debug\link.8504.read.1.tlog
C:\Users\maksi\OneDrive\Документы\Visual Studio 2012\Projects\Шишкин\Проект8\Проект8\Debug\link.8504.write.1.tlog
C:\Users\maksi\OneDrive\Документы\Visual Studio 2012\Projects\Шишкин\Проект8\Проект8\Debug\link.8820-cvtres.read.1.tlog
C:\Users\maksi\OneDrive\Документы\Visual Studio 2012\Projects\Шишкин\Проект8\Проект8\Debug\link.8820-cvtres.write.1.tlog
C:\Users\maksi\OneDrive\Документы\Visual Studio 2012\Projects\Шишкин\Проект8\Проект8\Debug\link.8820-rc.read.1.tlog
C:\Users\maksi\OneDrive\Документы\Visual Studio 2012\Projects\Шишкин\Проект8\Проект8\Debug\link.8820-rc.write.1.tlog
C:\Users\maksi\OneDrive\Документы\Visual Studio 2012\Projects\Шишкин\Проект8\Проект8\Debug\link.8820.read.1.tlog
C:\Users\maksi\OneDrive\Документы\Visual Studio 2012\Projects\Шишкин\Проект8\Проект8\Debug\link.8820.write.1.tlog
C:\Users\maksi\OneDrive\Документы\Visual Studio 2012\Projects\Шишкин\Проект8\Проект8\Debug\link.9504-cvtres.read.1.tlog
C:\Users\maksi\OneDrive\Документы\Visual Studio 2012\Projects\Шишкин\Проект8\Проект8\Debug\link.9504-cvtres.write.1.tlog
C:\Users\maksi\OneDrive\Документы\Visual Studio 2012\Projects\Шишкин\Проект8\Проект8\Debug\link.9504-rc.read.1.tlog
C:\Users\maksi\OneDrive\Документы\Visual Studio 2012\Projects\Шишкин\Проект8\Проект8\Debug\link.9504-rc.write.1.tlog
C:\Users\maksi\OneDrive\Документы\Visual Studio 2012\Projects\Шишкин\Проект8\Проект8\Debug\link.9504.read.1.tlog
C:\Users\maksi\OneDrive\Документы\Visual Studio 2012\Projects\Шишкин\Проект8\Проект8\Debug\link.9504.write.1.tlog
C:\Users\maksi\OneDrive\Документы\Visual Studio 2012\Projects\Шишкин\Проект8\Проект8\Debug\link.9552-cvtres.read.1.tlog
C:\Users\maksi\OneDrive\Документы\Visual Studio 2012\Projects\Шишкин\Проект8\Проект8\Debug\link.9552-cvtres.write.1.tlog
C:\Users\maksi\OneDrive\Документы\Visual Studio 2012\Projects\Шишкин\Проект8\Проект8\Debug\link.9552-rc.read.1.tlog
C:\Users\maksi\OneDrive\Документы\Visual Studio 2012\Projects\Шишкин\Проект8\Проект8\Debug\link.9552-rc.write.1.tlog
C:\Users\maksi\OneDrive\Документы\Visual Studio 2012\Projects\Шишкин\Проект8\Проект8\Debug\link.9552.read.1.tlog
C:\Users\maksi\OneDrive\Документы\Visual Studio 2012\Projects\Шишкин\Проект8\Проект8\Debug\link.9552.write.1.tlog
C:\Users\maksi\OneDrive\Документы\Visual Studio 2012\Projects\Шишкин\Проект8\Проект8\Debug\link.9996-cvtres.read.1.tlog
C:\Users\maksi\OneDrive\Документы\Visual Studio 2012\Projects\Шишкин\Проект8\Проект8\Debug\link.9996-cvtres.write.1.tlog
C:\Users\maksi\OneDrive\Документы\Visual Studio 2012\Projects\Шишкин\Проект8\Проект8\Debug\link.9996-rc.read.1.tlog
C:\Users\maksi\OneDrive\Документы\Visual Studio 2012\Projects\Шишкин\Проект8\Проект8\Debug\link.9996-rc.write.1.tlog
C:\Users\maksi\OneDrive\Документы\Visual Studio 2012\Projects\Шишкин\Проект8\Проект8\Debug\link.9996.read.1.tlog
C:\Users\maksi\OneDrive\Документы\Visual Studio 2012\Projects\Шишкин\Проект8\Проект8\Debug\link.9996.write.1.tlog
C:\Users\maksi\OneDrive\Документы\Visual Studio 2012\Projects\Шишкин\Проект8\Проект8\Debug\link.command.1.tlog
C:\Users\maksi\OneDrive\Документы\Visual Studio 2012\Projects\Шишкин\Проект8\Проект8\Debug\link.read.1.tlog
C:\Users\maksi\OneDrive\Документы\Visual Studio 2012\Projects\Шишкин\Проект8\Проект8\Debug\link.write.1.tlog
C:\Users\maksi\OneDrive\Документы\Visual Studio 2012\Projects\Шишкин\Проект8\Проект8\Debug\metagen.read.1.tlog
C:\Users\maksi\OneDrive\Документы\Visual Studio 2012\Projects\Шишкин\Проект8\Проект8\Debug\metagen.write.1.tlog
C:\Users\maksi\OneDrive\Документы\Visual Studio 2012\Projects\Шишкин\Проект8\Проект8\Debug\Проект8.write.1.tlog
C:\Users\maksi\OneDrive\Документы\Visual Studio 2012\Projects\Шишкин\Проект8\Проект8\Debug\vc110.pdb
C:\Users\maksi\OneDrive\Документы\Visual Studio 2012\Projects\Шишкин\Проект8\Проект8\Debug\TZRES.DLL.bi
C:\Users\maksi\OneDrive\Документы\Visual Studio 2012\Projects\Шишкин\Проект8\Debug\Проект8.pdb
C:\Users\maksi\OneDrive\Документы\Visual Studio 2012\Projects\Шишкин\Проект8\Debug\Проект8.exe
C:\Users\maksi\OneDrive\Документы\Visual Studio 2012\Projects\Шишкин\Проект8\Debug\Проект8.ilk
